[00:14:32] [main/INFO]: Using mbed TLS based native cipher.
[00:14:32] [main/INFO]: Using zlib based native compressor.
[00:14:32] [main/INFO]: Enabled Zartema version git:Zartema-Bootstrap:1.21-R0.1-SNAPSHOT:3104a88:unknown
[00:14:32] [main/WARN]: Waterfall has reached end of life and is no longer maintained. We recommend you transition to Velocity (https://papermc.io/software/velocity). For more information, see the announcement (https://forums.papermc.io/threads/1088/).
[00:14:32] [main/INFO]: Not on Windows, attempting to use enhanced EpollEventLoop
[00:14:32] [main/INFO]: Epoll is working, utilising it!
[00:14:32] [main/WARN]: Couldn't detect bungee version. Custom build?
[00:14:32] [main/WARN]: :>:>:>:>:>:>:>:>:>:>:>:>:>:>:>:>:>:>:>:>:>:>:>
[00:14:32] [main/WARN]: :>  
[00:14:32] [main/WARN]: :>      EAGLERCRAFTXBUNGEE WARNING:
[00:14:32] [main/WARN]: :>  
[00:14:32] [main/WARN]: :>  This plugin wasn't tested to be 'working'
[00:14:32] [main/WARN]: :>  with ANY version of BungeeCord (and forks)
[00:14:32] [main/WARN]: :>  apart from the versions listed below:
[00:14:32] [main/WARN]: :>  
[00:14:32] [main/WARN]: :>  - BungeeCord: 1.21-R0.1-SNAPSHOT:0aa2871:1893
[00:14:32] [main/WARN]: :>  - https://ci.md-5.net/job/BungeeCord/1893/artifact/bootstrap/target/BungeeCord.jar
[00:14:32] [main/WARN]: :>  
[00:14:32] [main/WARN]: :>  - Waterfall: 1.21-R0.1-SNAPSHOT:9ab9e2b:582
[00:14:32] [main/WARN]: :>  - https://api.papermc.io/v2/projects/waterfall/versions/1.21/builds/582/downloads/waterfall-1.21-582.jar
[00:14:32] [main/WARN]: :>  
[00:14:32] [main/WARN]: :>  This is not a Bukkit/Spigot plugin!
[00:14:32] [main/WARN]: :>  
[00:14:32] [main/WARN]: :>  Use "-Deaglerxbungee.stfu=true" to hide
[00:14:32] [main/WARN]: :>  
[00:14:32] [main/WARN]: :>:>:>:>:>:>:>:>:>:>:>:>:>:>:>:>:>:>:>:>:>:>:>
[00:14:33] [main/INFO]: Loaded plugin EaglercraftXBungee version 1.3.6 by lax1dude
[00:14:33] [main/WARN]: Forced host server pvp is not defined
[00:14:33] [main/ERROR] [EaglercraftXBungee]: Online mode is set to false! Authentication system has been disabled
[00:14:33] [Netty Boss IO Thread #0/INFO] [EaglercraftXBungee]: Eaglercraft is listening on: /0.0.0.0:8081
[00:14:33] [main/INFO] [EaglercraftXBungee]: Connected to database: jdbc:sqlite:eaglercraft_skins_cache.db
[00:14:33] [main/INFO] [EaglercraftXBungee]: Voice chat disabled, add "allow_voice: true" to your listeners to enable
[00:14:33] [main/INFO]: Enabled plugin EaglercraftXBungee version 1.3.6 by lax1dude
[00:14:33] [Netty Boss IO Thread #1/INFO]: Listening on /0.0.0.0:25577
[00:14:44] [Netty Worker IO Thread #0/WARN] [EaglercraftXBungee]: Server icon is not a file: /workspaces/southmc/zartema/server-icon.png
[00:14:46] [Netty Worker IO Thread #1/INFO] [EaglercraftXBungee]: [/[0:0:0:0:0:0:0:1]:57502]: Connected via websocket
[00:14:46] [Netty Worker IO Thread #1/INFO] [EaglercraftXBungee]: [/[0:0:0:0:0:0:0:1]:57502]: Origin header is https://eaglercraft.com
[00:14:46] [Netty Worker IO Thread #1/INFO] [EaglercraftXBungee]: [/[0:0:0:0:0:0:0:1]:57502]: Logged in as 'Pedro'
[00:14:46] [Netty Worker IO Thread #1/INFO]: [/[0:0:0:0:0:0:0:1]:57502|Pedro] -> UpstreamBridge has connected
[00:14:46] [Netty Worker IO Thread #1/INFO]: [Pedro|/[0:0:0:0:0:0:0:1]:57502] <-> ServerConnector [lobby] has connected
[00:16:45] [Netty Worker IO Thread #1/INFO]: [Pedro] disconnected with: Server closed
[00:16:45] [Netty Worker IO Thread #1/INFO]: [/[0:0:0:0:0:0:0:1]:57502|Pedro] -> UpstreamBridge has disconnected
[00:16:45] [Netty Worker IO Thread #1/INFO]: [/[0:0:0:0:0:0:0:1]:57502|Pedro] <-> DownstreamBridge <-> [lobby] has disconnected
