[13:18:54] [INFO]: [main] Loading PrismaSpigot config from taco.yml
[13:18:56] [INFO]: [Server thread] Starting minecraft server version 1.8.8
[13:18:56] [INFO]: [Server thread] Loading properties
[13:18:56] [INFO]: [Server thread] ==============================================
[13:18:56] [INFO]: [Server thread] ░▒▓█▓▒░      ░▒▓████████▓▒░▒▓███████▓▒░░▒▓███████▓▒░ ░▒▓██████▓▒░        ░▒▓███████▓▒░▒▓███████▓▒░░▒▓█▓▒░░▒▓██████▓▒░ ░▒▓██████▓▒░▒▓████████▓▒░ 
[13:18:56] [INFO]: [Server thread] ░▒▓█▓▒░      ░▒▓█▓▒░      ░▒▓█▓▒░░▒▓█▓▒░▒▓█▓▒░░▒▓█▓▒░▒▓█▓▒░░▒▓█▓▒░      ░▒▓█▓▒░      ░▒▓█▓▒░░▒▓█▓▒░▒▓█▓▒░▒▓█▓▒░░▒▓█▓▒░▒▓█▓▒░░▒▓█▓▒░ ░▒▓█▓▒░     
[13:18:56] [INFO]: [Server thread] ░▒▓█▓▒░      ░▒▓█▓▒░      ░▒▓█▓▒░░▒▓█▓▒░▒▓█▓▒░░▒▓█▓▒░▒▓█▓▒░░▒▓█▓▒░      ░▒▓█▓▒░      ░▒▓█▓▒░░▒▓█▓▒░▒▓█▓▒░▒▓█▓▒░      ░▒▓█▓▒░░▒▓█▓▒░ ░▒▓█▓▒░     
[13:18:56] [INFO]: [Server thread] ░▒▓█▓▒░      ░▒▓██████▓▒░ ░▒▓███████▓▒░░▒▓███████▓▒░░▒▓████████▓▒░       ░▒▓██████▓▒░░▒▓███████▓▒░░▒▓█▓▒░▒▓█▓▒▒▓███▓▒░▒▓█▓▒░░▒▓█▓▒░ ░▒▓█▓▒░     
[13:18:56] [INFO]: [Server thread] ░▒▓█▓▒░      ░▒▓█▓▒░      ░▒▓█▓▒░      ░▒▓█▓▒░░▒▓█▓▒░▒▓█▓▒░░▒▓█▓▒░             ░▒▓█▓▒░▒▓█▓▒░      ░▒▓█▓▒░▒▓█▓▒░░▒▓█▓▒░▒▓█▓▒░░▒▓█▓▒░ ░▒▓█▓▒░     
[13:18:56] [INFO]: [Server thread] ░▒▓█▓▒░      ░▒▓█▓▒░      ░▒▓█▓▒░      ░▒▓█▓▒░░▒▓█▓▒░▒▓█▓▒░░▒▓█▓▒░             ░▒▓█▓▒░▒▓█▓▒░      ░▒▓█▓▒░▒▓█▓▒░░▒▓█▓▒░▒▓█▓▒░░▒▓█▓▒░ ░▒▓█▓▒░     
[13:18:56] [INFO]: [Server thread] ░▒▓████████▓▒░▒▓████████▓▒░▒▓█▓▒░      ░▒▓█▓▒░░▒▓█▓▒░▒▓█▓▒░░▒▓█▓▒░      ░▒▓███████▓▒░░▒▓█▓▒░      ░▒▓█▓▒░░▒▓██████▓▒░ ░▒▓██████▓▒░  ░▒▓█▓▒░     
[13:18:56] [INFO]: [Server thread]                                                                                                                                                 
[13:18:56] [INFO]: [Server thread]                                                                                                                                                 
[13:18:56] [INFO]: [Server thread] 
[13:18:56] [INFO]: [Server thread] 
[13:18:56] [INFO]: [Server thread] Lepra Spigot: The Performance Revolution – Boost TPS, Optimize Chunk Generation, and Experience the Best in Performance!
[13:18:56] [INFO]: [Server thread] Default game type: SURVIVAL
[13:18:56] [INFO]: [Server thread] This server is running CraftBukkit version git-Dust-unknown (MC: 1.8.8) (Implementing API version 1.8.8-R0.1-SNAPSHOT)
[13:18:56] [INFO]: [Server thread] Set PluginClassLoader as parallel capable
[13:18:56] [INFO]: [Server thread] [Vital] Loading Vital v1.0
[13:18:56] [INFO]: [Server thread] [spark] Loading spark v1.10.124
[13:18:56] [INFO]: [Server thread] Debug logging is disabled
[13:18:56] [INFO]: [Server thread] Spigot Timings: false - Verbose: true - Interval: 5m - Length: 60m
[13:18:56] [INFO]: [Server thread] Server Ping Player Sample Count: 12
[13:18:56] [INFO]: [Server thread] Using 4 threads for Netty based IO
[13:18:56] [INFO]: [Server thread] Data value allowed items: 
[13:18:56] [INFO]: [Server thread] Generating keypair
[13:18:57] [INFO]: [Server thread] Starting Minecraft server on *:25565
[13:18:57] [INFO]: [Server thread] Using epoll channel type
[13:18:57] [WARN]: [Server thread] **** SERVER IS RUNNING IN OFFLINE/INSECURE MODE!
[13:18:57] [WARN]: [Server thread] The server will make no attempt to authenticate usernames. Beware.
[13:18:57] [WARN]: [Server thread] While this makes the game possible to play without internet access, it also opens up the ability for hackers to connect with any username they choose.
[13:18:57] [WARN]: [Server thread] To change this, set "online-mode" to "true" in the server.properties file.
[13:18:57] [INFO]: [Server thread] **** Beginning UUID conversion, this may take A LONG time ****
[13:18:57] [INFO]: [Server thread] Preparing level "world"
[13:18:57] [INFO]: [Server thread] -------- World Settings For [world] --------
[13:18:57] [INFO]: [Server thread] Experience Merge Radius: 3.0
[13:18:57] [INFO]: [Server thread] Chunks to Grow per Tick: 650
[13:18:57] [INFO]: [Server thread] Clear tick list: false
[13:18:57] [INFO]: [Server thread] Mob Spawn Range: 4
[13:18:57] [INFO]: [Server thread] Anti X-Ray: true
[13:18:57] [INFO]: [Server thread] 	Engine Mode: 1
[13:18:57] [INFO]: [Server thread] 	Hidden Blocks: [14, 15, 16, 21, 48, 49, 54, 56, 73, 74, 82, 129, 130]
[13:18:57] [INFO]: [Server thread] 	Replace Blocks: [1, 5]
[13:18:57] [INFO]: [Server thread] Max TNT Explosions: 100
[13:18:57] [INFO]: [Server thread] Tile Max Tick Time: 50ms Entity max Tick Time: 50ms
[13:18:57] [INFO]: [Server thread] Nerfing mobs spawned from spawners: false
[13:18:57] [INFO]: [Server thread] Cactus Growth Modifier: 100%
[13:18:57] [INFO]: [Server thread] Cane Growth Modifier: 100%
[13:18:57] [INFO]: [Server thread] Melon Growth Modifier: 100%
[13:18:57] [INFO]: [Server thread] Mushroom Growth Modifier: 100%
[13:18:57] [INFO]: [Server thread] Pumpkin Growth Modifier: 100%
[13:18:57] [INFO]: [Server thread] Sapling Growth Modifier: 100%
[13:18:57] [INFO]: [Server thread] Wheat Growth Modifier: 100%
[13:18:57] [INFO]: [Server thread] NetherWart Growth Modifier: 100%
[13:18:57] [INFO]: [Server thread] Entity Activation Range: An 32 / Mo 32 / Mi 16
[13:18:57] [INFO]: [Server thread] Entity Tracking Range: Pl 48 / An 48 / Mo 48 / Mi 32 / Other 64
[13:18:57] [INFO]: [Server thread] Hopper Transfer: 8 Hopper Check: 8 Hopper Amount: 1
[13:18:57] [INFO]: [Server thread] Random Lighting Updates: false
[13:18:57] [INFO]: [Server thread] Structure Info Saving: true
[13:18:57] [INFO]: [Server thread] Sending up to 10 chunks per packet
[13:18:57] [INFO]: [Server thread] Max Entity Collisions: 8
[13:18:57] [INFO]: [Server thread] Custom Map Seeds:  Village: 10387312 Feature: 14357617
[13:18:57] [INFO]: [Server thread] Item Despawn Rate: 6000
[13:18:57] [INFO]: [Server thread] Item Merge Radius: 2.5
[13:18:57] [INFO]: [Server thread] Arrow Despawn Rate: 1200
[13:18:57] [INFO]: [Server thread] Allow Zombie Pigmen to spawn from portal blocks: true
[13:18:57] [INFO]: [Server thread] View Distance: 10
[13:18:57] [INFO]: [Server thread] Zombie Aggressive Towards Villager: true
[13:18:57] [INFO]: [Server thread] -------- World Settings For [world] --------
[13:18:57] [INFO]: [Server thread] Keep spawn chunk loaded: true
[13:18:57] [INFO]: [Server thread] WorldServer TickNextTick cap set at 10000
[13:18:57] [INFO]: [Server thread] WorldServer TickNextTickList cap always processes redstone: false
[13:18:57] [INFO]: [Server thread] Squids will spawn between Y: 45.0 and Y: 63.0
[13:18:57] [INFO]: [Server thread] Max height for cactus growth 3. Max height for reed growth 3
[13:18:57] [INFO]: [Server thread] Living Entity Despawn Ranges:  Soft: 32 Hard: 128
[13:18:57] [INFO]: [Server thread] Remove invalid mob spawner tile entities: true
[13:18:57] [INFO]: [Server thread] Player blocking damage multiplier set to 0.5
[13:18:57] [INFO]: [Server thread] Fix TNT cannons: false
[13:18:57] [INFO]: [Server thread] Water over lava flow speed: 5
[13:18:57] [INFO]: [Server thread] Allow undead horse types to be leashed: false
[13:18:57] [INFO]: [Server thread] -------- World Settings For [world] --------
[13:18:57] [INFO]: [Server thread] Imanity Async Loader has been activated in world world
[13:18:57] [INFO]: [Server thread] -------- World Settings For [world_nether] --------
[13:18:57] [INFO]: [Server thread] Experience Merge Radius: 3.0
[13:18:57] [INFO]: [Server thread] Chunks to Grow per Tick: 650
[13:18:57] [INFO]: [Server thread] Clear tick list: false
[13:18:57] [INFO]: [Server thread] Mob Spawn Range: 4
[13:18:57] [INFO]: [Server thread] Anti X-Ray: true
[13:18:57] [INFO]: [Server thread] 	Engine Mode: 1
[13:18:57] [INFO]: [Server thread] 	Hidden Blocks: [14, 15, 16, 21, 48, 49, 54, 56, 73, 74, 82, 129, 130]
[13:18:57] [INFO]: [Server thread] 	Replace Blocks: [1, 5]
[13:18:57] [INFO]: [Server thread] Max TNT Explosions: 100
[13:18:57] [INFO]: [Server thread] Tile Max Tick Time: 50ms Entity max Tick Time: 50ms
[13:18:57] [INFO]: [Server thread] Nerfing mobs spawned from spawners: false
[13:18:57] [INFO]: [Server thread] Cactus Growth Modifier: 100%
[13:18:57] [INFO]: [Server thread] Cane Growth Modifier: 100%
[13:18:57] [INFO]: [Server thread] Melon Growth Modifier: 100%
[13:18:57] [INFO]: [Server thread] Mushroom Growth Modifier: 100%
[13:18:57] [INFO]: [Server thread] Pumpkin Growth Modifier: 100%
[13:18:57] [INFO]: [Server thread] Sapling Growth Modifier: 100%
[13:18:57] [INFO]: [Server thread] Wheat Growth Modifier: 100%
[13:18:57] [INFO]: [Server thread] NetherWart Growth Modifier: 100%
[13:18:57] [INFO]: [Server thread] Entity Activation Range: An 32 / Mo 32 / Mi 16
[13:18:57] [INFO]: [Server thread] Entity Tracking Range: Pl 48 / An 48 / Mo 48 / Mi 32 / Other 64
[13:18:57] [INFO]: [Server thread] Hopper Transfer: 8 Hopper Check: 8 Hopper Amount: 1
[13:18:57] [INFO]: [Server thread] Random Lighting Updates: false
[13:18:57] [INFO]: [Server thread] Structure Info Saving: true
[13:18:57] [INFO]: [Server thread] Sending up to 10 chunks per packet
[13:18:57] [INFO]: [Server thread] Max Entity Collisions: 8
[13:18:57] [INFO]: [Server thread] Custom Map Seeds:  Village: 10387312 Feature: 14357617
[13:18:57] [INFO]: [Server thread] Item Despawn Rate: 6000
[13:18:57] [INFO]: [Server thread] Item Merge Radius: 2.5
[13:18:57] [INFO]: [Server thread] Arrow Despawn Rate: 1200
[13:18:57] [INFO]: [Server thread] Allow Zombie Pigmen to spawn from portal blocks: true
[13:18:57] [INFO]: [Server thread] View Distance: 10
[13:18:57] [INFO]: [Server thread] Zombie Aggressive Towards Villager: true
[13:18:57] [INFO]: [Server thread] -------- World Settings For [world_nether] --------
[13:18:57] [INFO]: [Server thread] Keep spawn chunk loaded: true
[13:18:57] [INFO]: [Server thread] WorldServer TickNextTick cap set at 10000
[13:18:57] [INFO]: [Server thread] WorldServer TickNextTickList cap always processes redstone: false
[13:18:57] [INFO]: [Server thread] Squids will spawn between Y: 45.0 and Y: 63.0
[13:18:57] [INFO]: [Server thread] Max height for cactus growth 3. Max height for reed growth 3
[13:18:57] [INFO]: [Server thread] Living Entity Despawn Ranges:  Soft: 32 Hard: 128
[13:18:57] [INFO]: [Server thread] Remove invalid mob spawner tile entities: true
[13:18:57] [INFO]: [Server thread] Player blocking damage multiplier set to 0.5
[13:18:57] [INFO]: [Server thread] Fix TNT cannons: false
[13:18:57] [INFO]: [Server thread] Water over lava flow speed: 5
[13:18:57] [INFO]: [Server thread] Allow undead horse types to be leashed: false
[13:18:57] [INFO]: [Server thread] -------- World Settings For [world_nether] --------
[13:18:57] [INFO]: [Server thread] Imanity Async Loader has been activated in world world_nether
[13:18:57] [INFO]: [Server thread] -------- World Settings For [world_the_end] --------
[13:18:57] [INFO]: [Server thread] Experience Merge Radius: 3.0
[13:18:57] [INFO]: [Server thread] Chunks to Grow per Tick: 650
[13:18:57] [INFO]: [Server thread] Clear tick list: false
[13:18:57] [INFO]: [Server thread] Mob Spawn Range: 4
[13:18:57] [INFO]: [Server thread] Anti X-Ray: true
[13:18:57] [INFO]: [Server thread] 	Engine Mode: 1
[13:18:57] [INFO]: [Server thread] 	Hidden Blocks: [14, 15, 16, 21, 48, 49, 54, 56, 73, 74, 82, 129, 130]
[13:18:57] [INFO]: [Server thread] 	Replace Blocks: [1, 5]
[13:18:57] [INFO]: [Server thread] Max TNT Explosions: 100
[13:18:57] [INFO]: [Server thread] Tile Max Tick Time: 50ms Entity max Tick Time: 50ms
[13:18:57] [INFO]: [Server thread] Nerfing mobs spawned from spawners: false
[13:18:57] [INFO]: [Server thread] Cactus Growth Modifier: 100%
[13:18:57] [INFO]: [Server thread] Cane Growth Modifier: 100%
[13:18:57] [INFO]: [Server thread] Melon Growth Modifier: 100%
[13:18:57] [INFO]: [Server thread] Mushroom Growth Modifier: 100%
[13:18:57] [INFO]: [Server thread] Pumpkin Growth Modifier: 100%
[13:18:57] [INFO]: [Server thread] Sapling Growth Modifier: 100%
[13:18:57] [INFO]: [Server thread] Wheat Growth Modifier: 100%
[13:18:57] [INFO]: [Server thread] NetherWart Growth Modifier: 100%
[13:18:57] [INFO]: [Server thread] Entity Activation Range: An 32 / Mo 32 / Mi 16
[13:18:57] [INFO]: [Server thread] Entity Tracking Range: Pl 48 / An 48 / Mo 48 / Mi 32 / Other 64
[13:18:57] [INFO]: [Server thread] Hopper Transfer: 8 Hopper Check: 8 Hopper Amount: 1
[13:18:57] [INFO]: [Server thread] Random Lighting Updates: false
[13:18:57] [INFO]: [Server thread] Structure Info Saving: true
[13:18:57] [INFO]: [Server thread] Sending up to 10 chunks per packet
[13:18:57] [INFO]: [Server thread] Max Entity Collisions: 8
[13:18:57] [INFO]: [Server thread] Custom Map Seeds:  Village: 10387312 Feature: 14357617
[13:18:57] [INFO]: [Server thread] Item Despawn Rate: 6000
[13:18:57] [INFO]: [Server thread] Item Merge Radius: 2.5
[13:18:57] [INFO]: [Server thread] Arrow Despawn Rate: 1200
[13:18:57] [INFO]: [Server thread] Allow Zombie Pigmen to spawn from portal blocks: true
[13:18:57] [INFO]: [Server thread] View Distance: 10
[13:18:57] [INFO]: [Server thread] Zombie Aggressive Towards Villager: true
[13:18:57] [INFO]: [Server thread] -------- World Settings For [world_the_end] --------
[13:18:57] [INFO]: [Server thread] Keep spawn chunk loaded: true
[13:18:57] [INFO]: [Server thread] WorldServer TickNextTick cap set at 10000
[13:18:57] [INFO]: [Server thread] WorldServer TickNextTickList cap always processes redstone: false
[13:18:57] [INFO]: [Server thread] Squids will spawn between Y: 45.0 and Y: 63.0
[13:18:57] [INFO]: [Server thread] Max height for cactus growth 3. Max height for reed growth 3
[13:18:57] [INFO]: [Server thread] Living Entity Despawn Ranges:  Soft: 32 Hard: 128
[13:18:57] [INFO]: [Server thread] Remove invalid mob spawner tile entities: true
[13:18:57] [INFO]: [Server thread] Player blocking damage multiplier set to 0.5
[13:18:57] [INFO]: [Server thread] Fix TNT cannons: false
[13:18:57] [INFO]: [Server thread] Water over lava flow speed: 5
[13:18:57] [INFO]: [Server thread] Allow undead horse types to be leashed: false
[13:18:57] [INFO]: [Server thread] -------- World Settings For [world_the_end] --------
[13:18:57] [INFO]: [Server thread] Imanity Async Loader has been activated in world world_the_end
[13:18:57] [INFO]: [Server thread] Preparing start region for level 0 (Seed: 4149525398852202818)
[13:18:57] [INFO]: [Server thread] Preparing spawn area for world: 25%
[13:18:58] [INFO]: [Server thread] Preparing spawn area for world: 100%
[13:18:58] [INFO]: [Server thread] Preparing start region for level 1 (Seed: 4149525398852202818)
[13:18:58] [INFO]: [Server thread] Preparing spawn area for world_nether: 76%
[13:18:58] [INFO]: [Server thread] Preparing spawn area for world_nether: 100%
[13:18:58] [INFO]: [Server thread] Preparing start region for level 2 (Seed: 4149525398852202818)
[13:18:59] [INFO]: [Server thread] Preparing spawn area for world_the_end: 100%
[13:18:59] [INFO]: [Server thread] [Vital] Enabling Vital v1.0
[13:18:59] [INFO]: [Server thread] [Vital] As bibliotecas vitais foram iniciadas corretamente, e os recursos foram iniciados.
[13:18:59] [INFO]: [Server thread] [Vital] MySQL conectado com sucesso!
[13:18:59] [INFO]: [Server thread] [Vital] Tabela criada/verificada com sucesso!
[13:18:59] [INFO]: [Server thread] [Vital] MySQL conectado com sucesso!
[13:18:59] [INFO]: [Server thread] [Vital] Tabela criada/verificada com sucesso!
[13:18:59] [INFO]: [Server thread] [spark] Enabling spark v1.10.124
[13:18:59] [INFO]: [Server thread] [spark] Using Bukkit scheduler for tick monitoring
[13:18:59] [INFO]: [Server thread] [spark] Starting background profiler...
[13:18:59] [INFO]: [Server thread] Server permissions file permissions.yml is empty, ignoring it
[13:18:59] [INFO]: [Server thread] Done (2.461s)! For help, type "help" or "?"
[13:18:59] [INFO]: [Server thread] Timings Reset
[13:19:15] [INFO]: [henticator #1] UUID of player eufake is b1aad1c6-4825-3e12-ae6d-7102920963f8
[13:19:16] [INFO]: [Server thread] eufake[/127.0.0.1:43796] logged in with entity id 118 at ([world]28.94068678936546, 71.0, -19.014639179295713)
[13:19:16] [INFO]: [er Thread - 2] [Vital] Saving player data for eufake (b1aad1c6-4825-3e12-ae6d-7102920963f8)
[13:19:16] [INFO]: [er Thread - 2] [Vital] País: Unknown, Estado: Unknown, Cidade: Unknown
[13:19:20] [INFO]: [henticator #1] UUID of player Maria is a30a0b28-94c7-3c98-9fe1-d835e8125d94
[13:19:21] [INFO]: [Server thread] Maria[/127.0.0.1:36420] logged in with entity id 159 at ([world]26.757334778382948, 70.0, -16.30000001192093)
[13:19:21] [INFO]: [er Thread - 2] [Vital] Saving player data for Maria (a30a0b28-94c7-3c98-9fe1-d835e8125d94)
[13:19:21] [INFO]: [er Thread - 2] [Vital] País: Unknown, Estado: Unknown, Cidade: Unknown
[13:19:25] [INFO]: [Server thread] Maria issued server command: /tag membro
[13:19:38] [INFO]: [Server thread] eufake issued server command: /acc
[13:19:39] [INFO]: [Server thread] eufake issued server command: /acc eufake
[13:19:42] [INFO]: [Server thread] eufake issued server command: /spop
[13:19:48] [INFO]: [Server thread] Maria issued server command: /acc
[13:19:49] [INFO]: [Server thread] Maria issued server command: /acc eufake
[13:20:32] [INFO]: [Server thread] eufake lost connection: Disconnected
[13:20:32] [INFO]: [Server thread] eufake left the game.
[13:20:32] [INFO]: [Server thread] Maria lost connection: Disconnected
[13:20:32] [INFO]: [Server thread] Maria left the game.
